# JRE version: OpenJDK Runtime Environment Temurin-17.0.12+7 (17.0.12+7) (build 17.0.12+7)
# Java VM: OpenJDK 64-Bit Server VM Temurin-17.0.12+7 (17.0.12+7, mixed mode, tiered, compressed oops, compressed class ptrs, parallel gc, linux-amd64)
GC Precious Log:
 CPUs: 8 total, 8 available
 Memory: 15712M
 Large Page Support: Disabled
 NUMA Support: Disabled
 Compressed Oops: Enabled (32-bit)
 Alignments: Space 512K, Generation 512K, Heap 2M
 Heap Min Capacity: 100M
 Heap Initial Capacity: 100M
 Heap Max Capacity: 1G
 Pre-touch: Disabled
 Parallel Workers: 8
Heap:
 PSYoungGen      total 24576K, used 22144K [0x00000000eab00000, 0x00000000ec680000, 0x0000000100000000)
  eden space 22016K, 100% used [0x00000000eab00000,0x00000000ec080000,0x00000000ec080000)
  from space 2560K, 5% used [0x00000000ec280000,0x00000000ec2a0000,0x00000000ec500000)
  to   space 1024K, 0% used [0x00000000ec580000,0x00000000ec580000,0x00000000ec680000)
 ParOldGen       total 68608K, used 39649K [0x00000000c0000000, 0x00000000c4300000, 0x00000000eab00000)
  object space 68608K, 57% used [0x00000000c0000000,0x00000000c26b8468,0x00000000c4300000)
 Metaspace       used 62072K, committed 63168K, reserved 1114112K
  class space    used 6789K, committed 7296K, reserved 1048576K
GC Heap History (20 events):
Event: 5,629 GC heap before
{Heap before GC invocations=23 (full 2):
 PSYoungGen      total 24064K, used 23968K [0x00000000eab00000, 0x00000000ec480000, 0x0000000100000000)
  eden space 22016K, 100% used [0x00000000eab00000,0x00000000ec080000,0x00000000ec080000)
  from space 2048K, 95% used [0x00000000ec280000,0x00000000ec468010,0x00000000ec480000)
  to   space 2048K, 0% used [0x00000000ec080000,0x00000000ec080000,0x00000000ec280000)
 ParOldGen       total 68608K, used 25472K [0x00000000c0000000, 0x00000000c4300000, 0x00000000eab00000)
  object space 68608K, 37% used [0x00000000c0000000,0x00000000c18e0140,0x00000000c4300000)
 Metaspace       used 55931K, committed 56960K, reserved 1114112K
  class space    used 6124K, committed 6592K, reserved 1048576K
}
Event: 5,632 GC heap after
{Heap after GC invocations=23 (full 2):
 PSYoungGen      total 24064K, used 1906K [0x00000000eab00000, 0x00000000ec480000, 0x0000000100000000)
  eden space 22016K, 0% used [0x00000000eab00000,0x00000000eab00000,0x00000000ec080000)
  from space 2048K, 93% used [0x00000000ec080000,0x00000000ec25cb18,0x00000000ec280000)
  to   space 2048K, 0% used [0x00000000ec280000,0x00000000ec280000,0x00000000ec480000)
 ParOldGen       total 68608K, used 27272K [0x00000000c0000000, 0x00000000c4300000, 0x00000000eab00000)
  object space 68608K, 39% used [0x00000000c0000000,0x00000000c1aa2150,0x00000000c4300000)
 Metaspace       used 55931K, committed 56960K, reserved 1114112K
  class space    used 6124K, committed 6592K, reserved 1048576K
}
Event: 5,664 GC heap before
{Heap before GC invocations=24 (full 2):
 PSYoungGen      total 24064K, used 23922K [0x00000000eab00000, 0x00000000ec480000, 0x0000000100000000)
  eden space 22016K, 100% used [0x00000000eab00000,0x00000000ec080000,0x00000000ec080000)
  from space 2048K, 93% used [0x00000000ec080000,0x00000000ec25cb18,0x00000000ec280000)
  to   space 2048K, 0% used [0x00000000ec280000,0x00000000ec280000,0x00000000ec480000)
 ParOldGen       total 68608K, used 27272K [0x00000000c0000000, 0x00000000c4300000, 0x00000000eab00000)
  object space 68608K, 39% used [0x00000000c0000000,0x00000000c1aa2150,0x00000000c4300000)
 Metaspace       used 56124K, committed 57216K, reserved 1114112K
  class space    used 6151K, committed 6656K, reserved 1048576K
}
Event: 5,668 GC heap after
{Heap after GC invocations=24 (full 2):
 PSYoungGen      total 24064K, used 1824K [0x00000000eab00000, 0x00000000ec480000, 0x0000000100000000)
  eden space 22016K, 0% used [0x00000000eab00000,0x00000000eab00000,0x00000000ec080000)
  from space 2048K, 89% used [0x00000000ec280000,0x00000000ec448000,0x00000000ec480000)
  to   space 2048K, 0% used [0x00000000ec080000,0x00000000ec080000,0x00000000ec280000)
 ParOldGen       total 68608K, used 29091K [0x00000000c0000000, 0x00000000c4300000, 0x00000000eab00000)
  object space 68608K, 42% used [0x00000000c0000000,0x00000000c1c68c68,0x00000000c4300000)
 Metaspace       used 56124K, committed 57216K, reserved 1114112K
  class space    used 6151K, committed 6656K, reserved 1048576K
}
Event: 5,692 GC heap before
{Heap before GC invocations=25 (full 2):
 PSYoungGen      total 24064K, used 23840K [0x00000000eab00000, 0x00000000ec480000, 0x0000000100000000)
  eden space 22016K, 100% used [0x00000000eab00000,0x00000000ec080000,0x00000000ec080000)
  from space 2048K, 89% used [0x00000000ec280000,0x00000000ec448000,0x00000000ec480000)
  to   space 2048K, 0% used [0x00000000ec080000,0x00000000ec080000,0x00000000ec280000)
 ParOldGen       total 68608K, used 29091K [0x00000000c0000000, 0x00000000c4300000, 0x00000000eab00000)
  object space 68608K, 42% used [0x00000000c0000000,0x00000000c1c68c68,0x00000000c4300000)
 Metaspace       used 56250K, committed 57280K, reserved 1114112K
  class space    used 6168K, committed 6656K, reserved 1048576K
}
Event: 5,696 GC heap after
{Heap after GC invocations=25 (full 2):
 PSYoungGen      total 24064K, used 2016K [0x00000000eab00000, 0x00000000ec980000, 0x0000000100000000)
  eden space 22016K, 0% used [0x00000000eab00000,0x00000000eab00000,0x00000000ec080000)
  from space 2048K, 98% used [0x00000000ec080000,0x00000000ec278010,0x00000000ec280000)
  to   space 4608K, 0% used [0x00000000ec500000,0x00000000ec500000,0x00000000ec980000)
 ParOldGen       total 68608K, used 30844K [0x00000000c0000000, 0x00000000c4300000, 0x00000000eab00000)
  object space 68608K, 44% used [0x00000000c0000000,0x00000000c1e1f270,0x00000000c4300000)
 Metaspace       used 56250K, committed 57280K, reserved 1114112K
  class space    used 6168K, committed 6656K, reserved 1048576K
}
Event: 5,718 GC heap before
{Heap before GC invocations=26 (full 2):
 PSYoungGen      total 24064K, used 24032K [0x00000000eab00000, 0x00000000ec980000, 0x0000000100000000)
  eden space 22016K, 100% used [0x00000000eab00000,0x00000000ec080000,0x00000000ec080000)
  from space 2048K, 98% used [0x00000000ec080000,0x00000000ec278010,0x00000000ec280000)
  to   space 4608K, 0% used [0x00000000ec500000,0x00000000ec500000,0x00000000ec980000)
 ParOldGen       total 68608K, used 30844K [0x00000000c0000000, 0x00000000c4300000, 0x00000000eab00000)
  object space 68608K, 44% used [0x00000000c0000000,0x00000000c1e1f270,0x00000000c4300000)
 Metaspace       used 56497K, committed 57536K, reserved 1114112K
  class space    used 6205K, committed 6656K, reserved 1048576K
}
Event: 5,725 GC heap after
{Heap after GC invocations=26 (full 2):
 PSYoungGen      total 24064K, used 1952K [0x00000000eab00000, 0x00000000ec700000, 0x0000000100000000)
  eden space 22016K, 0% used [0x00000000eab00000,0x00000000eab00000,0x00000000ec080000)
  from space 2048K, 95% used [0x00000000ec500000,0x00000000ec6e8000,0x00000000ec700000)
  to   space 3072K, 0% used [0x00000000ec100000,0x00000000ec100000,0x00000000ec400000)
 ParOldGen       total 68608K, used 32898K [0x00000000c0000000, 0x00000000c4300000, 0x00000000eab00000)
  object space 68608K, 47% used [0x00000000c0000000,0x00000000c20208d8,0x00000000c4300000)
 Metaspace       used 56497K, committed 57536K, reserved 1114112K
  class space    used 6205K, committed 6656K, reserved 1048576K
}
Event: 5,781 GC heap before
{Heap before GC invocations=27 (full 2):
 PSYoungGen      total 24064K, used 23968K [0x00000000eab00000, 0x00000000ec700000, 0x0000000100000000)
  eden space 22016K, 100% used [0x00000000eab00000,0x00000000ec080000,0x00000000ec080000)
  from space 2048K, 95% used [0x00000000ec500000,0x00000000ec6e8000,0x00000000ec700000)
  to   space 3072K, 0% used [0x00000000ec100000,0x00000000ec100000,0x00000000ec400000)
 ParOldGen       total 68608K, used 32898K [0x00000000c0000000, 0x00000000c4300000, 0x00000000eab00000)
  object space 68608K, 47% used [0x00000000c0000000,0x00000000c20208d8,0x00000000c4300000)
 Metaspace       used 56597K, committed 57600K, reserved 1114112K
  class space    used 6207K, committed 6656K, reserved 1048576K
}
Event: 5,788 GC heap after
{Heap after GC invocations=27 (full 2):
 PSYoungGen      total 25088K, used 3072K [0x00000000eab00000, 0x00000000ecd80000, 0x0000000100000000)
  eden space 22016K, 0% used [0x00000000eab00000,0x00000000eab00000,0x00000000ec080000)
  from space 3072K, 100% used [0x00000000ec100000,0x00000000ec400000,0x00000000ec400000)
  to   space 6656K, 0% used [0x00000000ec700000,0x00000000ec700000,0x00000000ecd80000)
 ParOldGen       total 68608K, used 35470K [0x00000000c0000000, 0x00000000c4300000, 0x00000000eab00000)
  object space 68608K, 51% used [0x00000000c0000000,0x00000000c22a38d8,0x00000000c4300000)
 Metaspace       used 56597K, committed 57600K, reserved 1114112K
  class space    used 6207K, committed 6656K, reserved 1048576K
}
Event: 5,922 GC heap before
{Heap before GC invocations=28 (full 2):
 PSYoungGen      total 25088K, used 18056K [0x00000000eab00000, 0x00000000ecd80000, 0x0000000100000000)
  eden space 22016K, 68% used [0x00000000eab00000,0x00000000eb9a2090,0x00000000ec080000)
  from space 3072K, 100% used [0x00000000ec100000,0x00000000ec400000,0x00000000ec400000)
  to   space 6656K, 0% used [0x00000000ec700000,0x00000000ec700000,0x00000000ecd80000)
 ParOldGen       total 68608K, used 35470K [0x00000000c0000000, 0x00000000c4300000, 0x00000000eab00000)
  object space 68608K, 51% used [0x00000000c0000000,0x00000000c22a38d8,0x00000000c4300000)
 Metaspace       used 58676K, committed 59776K, reserved 1114112K
  class space    used 6425K, committed 6976K, reserved 1048576K
}
Event: 5,928 GC heap after
{Heap after GC invocations=28 (full 2):
 PSYoungGen      total 23552K, used 1402K [0x00000000eab00000, 0x00000000ec880000, 0x0000000100000000)
  eden space 22016K, 0% used [0x00000000eab00000,0x00000000eab00000,0x00000000ec080000)
  from space 1536K, 91% used [0x00000000ec700000,0x00000000ec85eb68,0x00000000ec880000)
  to   space 3072K, 0% used [0x00000000ec280000,0x00000000ec280000,0x00000000ec580000)
 ParOldGen       total 68608K, used 38443K [0x00000000c0000000, 0x00000000c4300000, 0x00000000eab00000)
  object space 68608K, 56% used [0x00000000c0000000,0x00000000c258ac30,0x00000000c4300000)
 Metaspace       used 58676K, committed 59776K, reserved 1114112K
  class space    used 6425K, committed 6976K, reserved 1048576K
}
Event: 5,928 GC heap before
{Heap before GC invocations=29 (full 3):
 PSYoungGen      total 23552K, used 1402K [0x00000000eab00000, 0x00000000ec880000, 0x0000000100000000)
  eden space 22016K, 0% used [0x00000000eab00000,0x00000000eab00000,0x00000000ec080000)
  from space 1536K, 91% used [0x00000000ec700000,0x00000000ec85eb68,0x00000000ec880000)
  to   space 3072K, 0% used [0x00000000ec280000,0x00000000ec280000,0x00000000ec580000)
 ParOldGen       total 68608K, used 38443K [0x00000000c0000000, 0x00000000c4300000, 0x00000000eab00000)
  object space 68608K, 56% used [0x00000000c0000000,0x00000000c258ac30,0x00000000c4300000)
 Metaspace       used 58676K, committed 59776K, reserved 1114112K
  class space    used 6425K, committed 6976K, reserved 1048576K
}
Event: 5,978 GC heap after
{Heap after GC invocations=29 (full 3):
 PSYoungGen      total 23552K, used 0K [0x00000000eab00000, 0x00000000ec880000, 0x0000000100000000)
  eden space 22016K, 0% used [0x00000000eab00000,0x00000000eab00000,0x00000000ec080000)
  from space 1536K, 0% used [0x00000000ec700000,0x00000000ec700000,0x00000000ec880000)
  to   space 3072K, 0% used [0x00000000ec280000,0x00000000ec280000,0x00000000ec580000)
 ParOldGen       total 68608K, used 38132K [0x00000000c0000000, 0x00000000c4300000, 0x00000000eab00000)
  object space 68608K, 55% used [0x00000000c0000000,0x00000000c253d0c8,0x00000000c4300000)
 Metaspace       used 58676K, committed 59776K, reserved 1114112K
  class space    used 6425K, committed 6976K, reserved 1048576K
}
Event: 6,080 GC heap before
{Heap before GC invocations=30 (full 3):
 PSYoungGen      total 23552K, used 22016K [0x00000000eab00000, 0x00000000ec880000, 0x0000000100000000)
  eden space 22016K, 100% used [0x00000000eab00000,0x00000000ec080000,0x00000000ec080000)
  from space 1536K, 0% used [0x00000000ec700000,0x00000000ec700000,0x00000000ec880000)
  to   space 3072K, 0% used [0x00000000ec280000,0x00000000ec280000,0x00000000ec580000)
 ParOldGen       total 68608K, used 38132K [0x00000000c0000000, 0x00000000c4300000, 0x00000000eab00000)
  object space 68608K, 55% used [0x00000000c0000000,0x00000000c253d0c8,0x00000000c4300000)
 Metaspace       used 59751K, committed 60864K, reserved 1114112K
  class space    used 6571K, committed 7104K, reserved 1048576K
}
Event: 6,081 GC heap after
{Heap after GC invocations=30 (full 3):
 PSYoungGen      total 25088K, used 544K [0x00000000eab00000, 0x00000000ec780000, 0x0000000100000000)
  eden space 22016K, 0% used [0x00000000eab00000,0x00000000eab00000,0x00000000ec080000)
  from space 3072K, 17% used [0x00000000ec280000,0x00000000ec3081c0,0x00000000ec580000)
  to   space 1536K, 0% used [0x00000000ec600000,0x00000000ec600000,0x00000000ec780000)
 ParOldGen       total 68608K, used 38140K [0x00000000c0000000, 0x00000000c4300000, 0x00000000eab00000)
  object space 68608K, 55% used [0x00000000c0000000,0x00000000c253f0c8,0x00000000c4300000)
 Metaspace       used 59751K, committed 60864K, reserved 1114112K
  class space    used 6571K, committed 7104K, reserved 1048576K
}
Event: 6,158 GC heap before
{Heap before GC invocations=31 (full 3):
 PSYoungGen      total 25088K, used 22560K [0x00000000eab00000, 0x00000000ec780000, 0x0000000100000000)
  eden space 22016K, 100% used [0x00000000eab00000,0x00000000ec080000,0x00000000ec080000)
  from space 3072K, 17% used [0x00000000ec280000,0x00000000ec3081c0,0x00000000ec580000)
  to   space 1536K, 0% used [0x00000000ec600000,0x00000000ec600000,0x00000000ec780000)
 ParOldGen       total 68608K, used 38140K [0x00000000c0000000, 0x00000000c4300000, 0x00000000eab00000)
  object space 68608K, 55% used [0x00000000c0000000,0x00000000c253f0c8,0x00000000c4300000)
 Metaspace       used 60530K, committed 61696K, reserved 1114112K
  class space    used 6640K, committed 7168K, reserved 1048576K
}
Event: 6,160 GC heap after
{Heap after GC invocations=31 (full 3):
 PSYoungGen      total 23552K, used 1533K [0x00000000eab00000, 0x00000000ec780000, 0x0000000100000000)
  eden space 22016K, 0% used [0x00000000eab00000,0x00000000eab00000,0x00000000ec080000)
  from space 1536K, 99% used [0x00000000ec600000,0x00000000ec77f680,0x00000000ec780000)
  to   space 2560K, 0% used [0x00000000ec280000,0x00000000ec280000,0x00000000ec500000)
 ParOldGen       total 68608K, used 38804K [0x00000000c0000000, 0x00000000c4300000, 0x00000000eab00000)
  object space 68608K, 56% used [0x00000000c0000000,0x00000000c25e5240,0x00000000c4300000)
 Metaspace       used 60530K, committed 61696K, reserved 1114112K
  class space    used 6640K, committed 7168K, reserved 1048576K
}
Event: 6,222 GC heap before
{Heap before GC invocations=32 (full 3):
 PSYoungGen      total 23552K, used 23549K [0x00000000eab00000, 0x00000000ec780000, 0x0000000100000000)
  eden space 22016K, 100% used [0x00000000eab00000,0x00000000ec080000,0x00000000ec080000)
  from space 1536K, 99% used [0x00000000ec600000,0x00000000ec77f680,0x00000000ec780000)
  to   space 2560K, 0% used [0x00000000ec280000,0x00000000ec280000,0x00000000ec500000)
 ParOldGen       total 68608K, used 38804K [0x00000000c0000000, 0x00000000c4300000, 0x00000000eab00000)
  object space 68608K, 56% used [0x00000000c0000000,0x00000000c25e5240,0x00000000c4300000)
 Metaspace       used 60809K, committed 61952K, reserved 1114112K
  class space    used 6654K, committed 7168K, reserved 1048576K
}
Event: 6,224 GC heap after
{Heap after GC invocations=32 (full 3):
 PSYoungGen      total 24576K, used 128K [0x00000000eab00000, 0x00000000ec680000, 0x0000000100000000)
  eden space 22016K, 0% used [0x00000000eab00000,0x00000000eab00000,0x00000000ec080000)
  from space 2560K, 5% used [0x00000000ec280000,0x00000000ec2a0000,0x00000000ec500000)
  to   space 1024K, 0% used [0x00000000ec580000,0x00000000ec580000,0x00000000ec680000)
 ParOldGen       total 68608K, used 39649K [0x00000000c0000000, 0x00000000c4300000, 0x00000000eab00000)
  object space 68608K, 57% used [0x00000000c0000000,0x00000000c26b8468,0x00000000c4300000)
 Metaspace       used 60809K, committed 61952K, reserved 1114112K
  class space    used 6654K, committed 7168K, reserved 1048576K
}

